
index.txt

mode-zhgfjshinue-index.txt
zhgfjshinue01.txt
zhgfjshinue02.txt
zhgfjshinue03.txt
zhgfjshinue04.txt
zhgfjshinue05.txt
zhgfjshinue06.txt
zhgfjshinue07.txt
zhgfjshinue08.txt
zhgfjshinue09.txt
zhgfjshinue10.txt
zhgfjshinue11.txt
zhgfjshinue12.txt
zhgfjshinue13.txt
zhgfjshinue14.txt
zhgfjshinue15.txt
zhgfjshinue16.txt
zhgfjshinue17.txt

mode-fjzhongwai-index.txt
fjzhongwai01.txt
fjzhongwai02.txt
fjzhongwai03.txt
fjzhongwai04.txt
fjzhongwai05.txt
fjzhongwai06.txt
fjzhongwai07.txt
fjzhongwai08.txt
fjzhongwai09.txt
fjzhongwai10.txt

mode-zhgfjzongpai-index.txt
zhgfjzongpai01.txt
zhgfjzongpai02.txt
zhgfjzongpai03.txt
zhgfjzongpai04.txt
zhgfjzongpai05.txt
zhgfjzongpai06.txt
zhgfjzongpai07.txt
zhgfjzongpai08.txt

mode-fjyigui-index.txt
fjyigui01.txt
fjyigui02.txt
fjyigui03.txt
fjyigui04.txt
fjyigui05.txt
fjyigui06.txt
fjyigui07.txt
fjyigui08.txt
fjyigui09.txt
fjyigui10.txt
fjyigui11.txt
fjyigui12.txt
fjyigui13.txt
fjyigui14.txt
fjyigui15.txt

mode-fjrenwu-index.txt
fjrenwu01.txt
fjrenwu02.txt
fjrenwu03.txt
fjrenwu04.txt
fjrenwu05.txt
fjrenwu06.txt
fjrenwu07.txt
fjrenwu08.txt
fjrenwu09.txt
fjrenwu10.txt
fjrenwu11.txt
fjrenwu12.txt
fjrenwu13.txt
fjrenwu14.txt
fjrenwu15.txt
fjrenwu16.txt
fjrenwu17.txt
fjrenwu18.txt
fjrenwu19.txt
fjrenwu20.txt
fjrenwu21.txt
fjrenwu22.txt
fjrenwu23.txt
fjrenwu24.txt
fjrenwu25.txt
fjrenwu26.txt
fjrenwu27.txt
fjrenwu28.txt
fjrenwu29.txt
fjrenwu30.txt
fjrenwu31.txt
fjrenwu32.txt
fjrenwu33.txt
fjrenwu34.txt
fjrenwu35.txt
fjrenwu36.txt
fjrenwu37.txt
fjrenwu38.txt
fjrenwu39.txt
fjrenwu40.txt
fjrenwu41.txt
fjrenwu42.txt
fjrenwu43.txt
fjrenwu44.txt
fjrenwu45.txt
fjrenwu46.txt
fjrenwu47.txt
fjrenwu48.txt
fjrenwu49.txt
fjrenwu50.txt
fjrenwu51.txt
fjrenwu52.txt
fjrenwu53.txt
fjrenwu54.txt
fjrenwu55.txt
fjrenwu56.txt
fjrenwu57.txt
fjrenwu58.txt
fjrenwu59.txt
fjrenwu60.txt
fjrenwu61.txt
fjrenwu62.txt
fjrenwu63.txt
fjrenwu64.txt
fjrenwu65.txt
fjrenwu66.txt
fjrenwu67.txt
fjrenwu68.txt
fjrenwu69.txt
fjrenwu70.txt
fjrenwu71.txt
fjrenwu72.txt
fjrenwu73.txt
fjrenwu74.txt
fjrenwu75.txt
fjrenwu76.txt
fjrenwu77.txt
fjrenwu78.txt
fjrenwu79.txt
fjrenwu80.txt
fjrenwu81.txt
fjrenwu82.txt
fjrenwu83.txt
fjrenwu84.txt
fjrenwu85.txt
fjrenwu86.txt
fjrenwu87.txt
fjrenwu88.txt
fjrenwu89.txt
fjrenwu90.txt
fjrenwu91.txt
fjrenwu92.txt

mode-fjjingdian-index.txt
fjjingdian001.txt
fjjingdian002.txt
fjjingdian003.txt
fjjingdian004.txt
fjjingdian005.txt
fjjingdian006.txt
fjjingdian007.txt
fjjingdian008.txt
fjjingdian009.txt
fjjingdian010.txt
fjjingdian011.txt
fjjingdian012.txt
fjjingdian013.txt
fjjingdian014.txt
fjjingdian015.txt
fjjingdian016.txt
fjjingdian017.txt
fjjingdian018.txt
fjjingdian019.txt
fjjingdian020.txt
fjjingdian021.txt
fjjingdian022.txt
fjjingdian023.txt
fjjingdian024.txt
fjjingdian025.txt
fjjingdian026.txt
fjjingdian027.txt
fjjingdian028.txt
fjjingdian029.txt
fjjingdian030.txt
fjjingdian031.txt
fjjingdian032.txt
fjjingdian033.txt
fjjingdian034.txt
fjjingdian035.txt
fjjingdian036.txt
fjjingdian037.txt
fjjingdian038.txt
fjjingdian039.txt
fjjingdian040.txt
fjjingdian041.txt
fjjingdian042.txt
fjjingdian043.txt
fjjingdian044.txt
fjjingdian045.txt
fjjingdian046.txt
fjjingdian047.txt
fjjingdian048.txt
fjjingdian049.txt
fjjingdian050.txt
fjjingdian051.txt
fjjingdian052.txt
fjjingdian053.txt
fjjingdian054.txt
fjjingdian055.txt
fjjingdian056.txt
fjjingdian057.txt
fjjingdian058.txt
fjjingdian059.txt
fjjingdian060.txt
fjjingdian061.txt
fjjingdian062.txt
fjjingdian063.txt
fjjingdian064.txt
fjjingdian065.txt
fjjingdian066.txt
fjjingdian067.txt
fjjingdian068.txt
fjjingdian069.txt
fjjingdian070.txt
fjjingdian071.txt
fjjingdian072.txt
fjjingdian073.txt
fjjingdian074.txt
fjjingdian075.txt
fjjingdian076.txt
fjjingdian077.txt
fjjingdian078.txt
fjjingdian079.txt
fjjingdian080.txt
fjjingdian081.txt
fjjingdian082.txt
fjjingdian083.txt
fjjingdian084.txt
fjjingdian085.txt
fjjingdian086.txt
fjjingdian087.txt
fjjingdian088.txt
fjjingdian089.txt
fjjingdian090.txt
fjjingdian091.txt
fjjingdian092.txt
fjjingdian093.txt
fjjingdian094.txt
fjjingdian095.txt
fjjingdian096.txt
fjjingdian097.txt
fjjingdian098.txt
fjjingdian099.txt
fjjingdian100.txt
fjjingdian101.txt
fjjingdian102.txt
fjjingdian103.txt
fjjingdian104.txt
fjjingdian105.txt
fjjingdian106.txt
fjjingdian107.txt
fjjingdian108.txt
fjjingdian109.txt
fjjingdian110.txt
fjjingdian111.txt
fjjingdian112.txt
fjjingdian113.txt
fjjingdian114.txt
fjjingdian115.txt
fjjingdian116.txt
fjjingdian117.txt
fjjingdian118.txt
fjjingdian119.txt
fjjingdian120.txt
fjjingdian121.txt
fjjingdian122.txt
fjjingdian123.txt
fjjingdian124.txt
fjjingdian125.txt
fjjingdian126.txt
fjjingdian127.txt
fjjingdian128.txt
fjjingdian129.txt

mode-fjjiaoli-index.txt
fjjiaoli01.txt
fjjiaoli02.txt
fjjiaoli03.txt
fjjiaoli04.txt
fjjiaoli05.txt
fjjiaoli06.txt
fjjiaoli07.txt
fjjiaoli08.txt
fjjiaoli09.txt
fjjiaoli10.txt
fjjiaoli11.txt
fjjiaoli12.txt
fjjiaoli13.txt
fjjiaoli14.txt
fjjiaoli15.txt
fjjiaoli16.txt
fjjiaoli17.txt
fjjiaoli18.txt
fjjiaoli19.txt
fjjiaoli20.txt
fjjiaoli21.txt
fjjiaoli22.txt
fjjiaoli23.txt
fjjiaoli24.txt
fjjiaoli25.txt
fjjiaoli26.txt
fjjiaoli27.txt
fjjiaoli28.txt
fjjiaoli29.txt
fjjiaoli30.txt
fjjiaoli31.txt
fjjiaoli32.txt
fjjiaoli33.txt
fjjiaoli34.txt
fjjiaoli35.txt
fjjiaoli36.txt
fjjiaoli37.txt
fjjiaoli38.txt
fjjiaoli39.txt
fjjiaoli40.txt
fjjiaoli41.txt
fjjiaoli42.txt
fjjiaoli43.txt
fjjiaoli44.txt
fjjiaoli45.txt
fjjiaoli46.txt
fjjiaoli47.txt
